c:\users\enguerrand\documents\mafia2-online-reloaded\mafia2-online\libraries\raknet\projects\lib\raknetstatic.pdb
c:\users\enguerrand\documents\mafia2-online-reloaded\mafia2-online\libraries\raknet\projects\lib\raknetstatic.idb
c:\users\enguerrand\documents\mafia2-online-reloaded\mafia2-online\libraries\raknet\projects\lib\emailsender.obj
c:\users\enguerrand\documents\mafia2-online-reloaded\mafia2-online\libraries\raknet\projects\lib\dyndns.obj
c:\users\enguerrand\documents\mafia2-online-reloaded\mafia2-online\libraries\raknet\projects\lib\ds_table.obj
c:\users\enguerrand\documents\mafia2-online-reloaded\mafia2-online\libraries\raknet\projects\lib\ds_huffmanencodingtree.obj
c:\users\enguerrand\documents\mafia2-online-reloaded\mafia2-online\libraries\raknet\projects\lib\ds_bytequeue.obj
c:\users\enguerrand\documents\mafia2-online-reloaded\mafia2-online\libraries\raknet\projects\lib\ds_bytepool.obj
c:\users\enguerrand\documents\mafia2-online-reloaded\mafia2-online\libraries\raknet\projects\lib\dr_sha1.obj
c:\users\enguerrand\documents\mafia2-online-reloaded\mafia2-online\libraries\raknet\projects\lib\directorydeltatransfer.obj
c:\users\enguerrand\documents\mafia2-online-reloaded\mafia2-online\libraries\raknet\projects\lib\datacompressor.obj
c:\users\enguerrand\documents\mafia2-online-reloaded\mafia2-online\libraries\raknet\projects\lib\consoleserver.obj
c:\users\enguerrand\documents\mafia2-online-reloaded\mafia2-online\libraries\raknet\projects\lib\connectiongraph2.obj
c:\users\enguerrand\documents\mafia2-online-reloaded\mafia2-online\libraries\raknet\projects\lib\commandparserinterface.obj
c:\users\enguerrand\documents\mafia2-online-reloaded\mafia2-online\libraries\raknet\projects\lib\cloudserver.obj
c:\users\enguerrand\documents\mafia2-online-reloaded\mafia2-online\libraries\raknet\projects\lib\cloudcommon.obj
c:\users\enguerrand\documents\mafia2-online-reloaded\mafia2-online\libraries\raknet\projects\lib\cloudclient.obj
c:\users\enguerrand\documents\mafia2-online-reloaded\mafia2-online\libraries\raknet\projects\lib\checksum.obj
c:\users\enguerrand\documents\mafia2-online-reloaded\mafia2-online\libraries\raknet\projects\lib\ccraknetudt.obj
c:\users\enguerrand\documents\mafia2-online-reloaded\mafia2-online\libraries\raknet\projects\lib\bitstream.obj
c:\users\enguerrand\documents\mafia2-online-reloaded\mafia2-online\libraries\raknet\projects\lib\base64encoder.obj
c:\users\enguerrand\documents\mafia2-online-reloaded\mafia2-online\libraries\raknet\projects\lib\natpunchthroughclient.obj
c:\users\enguerrand\documents\mafia2-online-reloaded\mafia2-online\libraries\raknet\projects\lib\messagefilter.obj
c:\users\enguerrand\documents\mafia2-online-reloaded\mafia2-online\libraries\raknet\projects\lib\logcommandparser.obj
c:\users\enguerrand\documents\mafia2-online-reloaded\mafia2-online\libraries\raknet\projects\lib\locklesstypes.obj
c:\users\enguerrand\documents\mafia2-online-reloaded\mafia2-online\libraries\raknet\projects\lib\linuxstrings.obj
c:\users\enguerrand\documents\mafia2-online-reloaded\mafia2-online\libraries\raknet\projects\lib\itoa.obj
c:\users\enguerrand\documents\mafia2-online-reloaded\mafia2-online\libraries\raknet\projects\lib\incrementalreadinterface.obj
c:\users\enguerrand\documents\mafia2-online-reloaded\mafia2-online\libraries\raknet\projects\lib\httpconnection2.obj
c:\users\enguerrand\documents\mafia2-online-reloaded\mafia2-online\libraries\raknet\projects\lib\httpconnection.obj
c:\users\enguerrand\documents\mafia2-online-reloaded\mafia2-online\libraries\raknet\projects\lib\gridsectorizer.obj
c:\users\enguerrand\documents\mafia2-online-reloaded\mafia2-online\libraries\raknet\projects\lib\gettimeofday.obj
c:\users\enguerrand\documents\mafia2-online-reloaded\mafia2-online\libraries\raknet\projects\lib\gettime.obj
c:\users\enguerrand\documents\mafia2-online-reloaded\mafia2-online\libraries\raknet\projects\lib\gets.obj
c:\users\enguerrand\documents\mafia2-online-reloaded\mafia2-online\libraries\raknet\projects\lib\getche.obj
c:\users\enguerrand\documents\mafia2-online-reloaded\mafia2-online\libraries\raknet\projects\lib\fullyconnectedmesh2.obj
c:\users\enguerrand\documents\mafia2-online-reloaded\mafia2-online\libraries\raknet\projects\lib\formatstring.obj
c:\users\enguerrand\documents\mafia2-online-reloaded\mafia2-online\libraries\raknet\projects\lib\fileoperations.obj
c:\users\enguerrand\documents\mafia2-online-reloaded\mafia2-online\libraries\raknet\projects\lib\filelisttransfer.obj
c:\users\enguerrand\documents\mafia2-online-reloaded\mafia2-online\libraries\raknet\projects\lib\filelist.obj
c:\users\enguerrand\documents\mafia2-online-reloaded\mafia2-online\libraries\raknet\projects\lib\epochtimetostring.obj
c:\users\enguerrand\documents\mafia2-online-reloaded\mafia2-online\libraries\raknet\projects\lib\raknetsocket2_berkley.obj
c:\users\enguerrand\documents\mafia2-online-reloaded\mafia2-online\libraries\raknet\projects\lib\raknetsocket2_360_720.obj
c:\users\enguerrand\documents\mafia2-online-reloaded\mafia2-online\libraries\raknet\projects\lib\raknetsocket2.obj
c:\users\enguerrand\documents\mafia2-online-reloaded\mafia2-online\libraries\raknet\projects\lib\raknetsocket.obj
c:\users\enguerrand\documents\mafia2-online-reloaded\mafia2-online\libraries\raknet\projects\lib\raknetcommandparser.obj
c:\users\enguerrand\documents\mafia2-online-reloaded\mafia2-online\libraries\raknet\projects\lib\rakmemoryoverride.obj
c:\users\enguerrand\documents\mafia2-online-reloaded\mafia2-online\libraries\raknet\projects\lib\rackspace.obj
c:\users\enguerrand\documents\mafia2-online-reloaded\mafia2-online\libraries\raknet\projects\lib\ps4includes.obj
c:\users\enguerrand\documents\mafia2-online-reloaded\mafia2-online\libraries\raknet\projects\lib\plugininterface2.obj
c:\users\enguerrand\documents\mafia2-online-reloaded\mafia2-online\libraries\raknet\projects\lib\packetoutputwindowlogger.obj
c:\users\enguerrand\documents\mafia2-online-reloaded\mafia2-online\libraries\raknet\projects\lib\packetlogger.obj
c:\users\enguerrand\documents\mafia2-online-reloaded\mafia2-online\libraries\raknet\projects\lib\packetizedtcp.obj
c:\users\enguerrand\documents\mafia2-online-reloaded\mafia2-online\libraries\raknet\projects\lib\packetfilelogger.obj
c:\users\enguerrand\documents\mafia2-online-reloaded\mafia2-online\libraries\raknet\projects\lib\packetconsolelogger.obj
c:\users\enguerrand\documents\mafia2-online-reloaded\mafia2-online\libraries\raknet\projects\lib\networkidobject.obj
c:\users\enguerrand\documents\mafia2-online-reloaded\mafia2-online\libraries\raknet\projects\lib\networkidmanager.obj
c:\users\enguerrand\documents\mafia2-online-reloaded\mafia2-online\libraries\raknet\projects\lib\nattypedetectionserver.obj
c:\users\enguerrand\documents\mafia2-online-reloaded\mafia2-online\libraries\raknet\projects\lib\nattypedetectioncommon.obj
c:\users\enguerrand\documents\mafia2-online-reloaded\mafia2-online\libraries\raknet\projects\lib\nattypedetectionclient.obj
c:\users\enguerrand\documents\mafia2-online-reloaded\mafia2-online\libraries\raknet\projects\lib\natpunchthroughserver.obj
c:\users\enguerrand\documents\mafia2-online-reloaded\mafia2-online\libraries\raknet\projects\lib\relayplugin.obj
c:\users\enguerrand\documents\mafia2-online-reloaded\mafia2-online\libraries\raknet\projects\lib\readyevent.obj
c:\users\enguerrand\documents\mafia2-online-reloaded\mafia2-online\libraries\raknet\projects\lib\randsync.obj
c:\users\enguerrand\documents\mafia2-online-reloaded\mafia2-online\libraries\raknet\projects\lib\rand.obj
c:\users\enguerrand\documents\mafia2-online-reloaded\mafia2-online\libraries\raknet\projects\lib\rakwstring.obj
c:\users\enguerrand\documents\mafia2-online-reloaded\mafia2-online\libraries\raknet\projects\lib\rakthread.obj
c:\users\enguerrand\documents\mafia2-online-reloaded\mafia2-online\libraries\raknet\projects\lib\rakstring.obj
c:\users\enguerrand\documents\mafia2-online-reloaded\mafia2-online\libraries\raknet\projects\lib\raksleep.obj
c:\users\enguerrand\documents\mafia2-online-reloaded\mafia2-online\libraries\raknet\projects\lib\rakpeer.obj
c:\users\enguerrand\documents\mafia2-online-reloaded\mafia2-online\libraries\raknet\projects\lib\raknettypes.obj
c:\users\enguerrand\documents\mafia2-online-reloaded\mafia2-online\libraries\raknet\projects\lib\raknettransport2.obj
c:\users\enguerrand\documents\mafia2-online-reloaded\mafia2-online\libraries\raknet\projects\lib\raknetstatistics.obj
c:\users\enguerrand\documents\mafia2-online-reloaded\mafia2-online\libraries\raknet\projects\lib\raknetsocket2_windows_linux_360.obj
c:\users\enguerrand\documents\mafia2-online-reloaded\mafia2-online\libraries\raknet\projects\lib\raknetsocket2_windows_linux.obj
c:\users\enguerrand\documents\mafia2-online-reloaded\mafia2-online\libraries\raknet\projects\lib\raknetsocket2_windowsstore8.obj
c:\users\enguerrand\documents\mafia2-online-reloaded\mafia2-online\libraries\raknet\projects\lib\raknetsocket2_vita.obj
c:\users\enguerrand\documents\mafia2-online-reloaded\mafia2-online\libraries\raknet\projects\lib\raknetsocket2_ps4.obj
c:\users\enguerrand\documents\mafia2-online-reloaded\mafia2-online\libraries\raknet\projects\lib\raknetsocket2_ps3_ps4.obj
c:\users\enguerrand\documents\mafia2-online-reloaded\mafia2-online\libraries\raknet\projects\lib\raknetsocket2_nativeclient.obj
c:\users\enguerrand\documents\mafia2-online-reloaded\mafia2-online\libraries\raknet\projects\lib\raknetsocket2_berkley_nativeclient.obj
c:\users\enguerrand\documents\mafia2-online-reloaded\mafia2-online\libraries\raknet\projects\lib\twowayauthentication.obj
c:\users\enguerrand\documents\mafia2-online-reloaded\mafia2-online\libraries\raknet\projects\lib\threadsafepacketlogger.obj
c:\users\enguerrand\documents\mafia2-online-reloaded\mafia2-online\libraries\raknet\projects\lib\telnettransport.obj
c:\users\enguerrand\documents\mafia2-online-reloaded\mafia2-online\libraries\raknet\projects\lib\teammanager.obj
c:\users\enguerrand\documents\mafia2-online-reloaded\mafia2-online\libraries\raknet\projects\lib\teambalancer.obj
c:\users\enguerrand\documents\mafia2-online-reloaded\mafia2-online\libraries\raknet\projects\lib\tcpinterface.obj
c:\users\enguerrand\documents\mafia2-online-reloaded\mafia2-online\libraries\raknet\projects\lib\tableserializer.obj
c:\users\enguerrand\documents\mafia2-online-reloaded\mafia2-online\libraries\raknet\projects\lib\superfasthash.obj
c:\users\enguerrand\documents\mafia2-online-reloaded\mafia2-online\libraries\raknet\projects\lib\stringtable.obj
c:\users\enguerrand\documents\mafia2-online-reloaded\mafia2-online\libraries\raknet\projects\lib\stringcompressor.obj
c:\users\enguerrand\documents\mafia2-online-reloaded\mafia2-online\libraries\raknet\projects\lib\statisticshistory.obj
c:\users\enguerrand\documents\mafia2-online-reloaded\mafia2-online\libraries\raknet\projects\lib\socketlayer.obj
c:\users\enguerrand\documents\mafia2-online-reloaded\mafia2-online\libraries\raknet\projects\lib\simplemutex.obj
c:\users\enguerrand\documents\mafia2-online-reloaded\mafia2-online\libraries\raknet\projects\lib\signaledevent.obj
c:\users\enguerrand\documents\mafia2-online-reloaded\mafia2-online\libraries\raknet\projects\lib\sendtothread.obj
c:\users\enguerrand\documents\mafia2-online-reloaded\mafia2-online\libraries\raknet\projects\lib\securehandshake.obj
c:\users\enguerrand\documents\mafia2-online-reloaded\mafia2-online\libraries\raknet\projects\lib\rpc4plugin.obj
c:\users\enguerrand\documents\mafia2-online-reloaded\mafia2-online\libraries\raknet\projects\lib\router2.obj
c:\users\enguerrand\documents\mafia2-online-reloaded\mafia2-online\libraries\raknet\projects\lib\replicamanager3.obj
c:\users\enguerrand\documents\mafia2-online-reloaded\mafia2-online\libraries\raknet\projects\lib\reliabilitylayer.obj
c:\users\enguerrand\documents\mafia2-online-reloaded\mafia2-online\libraries\raknet\projects\lib\_findfirst.obj
c:\users\enguerrand\documents\mafia2-online-reloaded\mafia2-online\libraries\raknet\projects\lib\wsastartupsingleton.obj
c:\users\enguerrand\documents\mafia2-online-reloaded\mafia2-online\libraries\raknet\projects\lib\vitaincludes.obj
c:\users\enguerrand\documents\mafia2-online-reloaded\mafia2-online\libraries\raknet\projects\lib\variadicsqlparser.obj
c:\users\enguerrand\documents\mafia2-online-reloaded\mafia2-online\libraries\raknet\projects\lib\variablelistdeltatracker.obj
c:\users\enguerrand\documents\mafia2-online-reloaded\mafia2-online\libraries\raknet\projects\lib\variabledeltaserializer.obj
c:\users\enguerrand\documents\mafia2-online-reloaded\mafia2-online\libraries\raknet\projects\lib\udpproxyserver.obj
c:\users\enguerrand\documents\mafia2-online-reloaded\mafia2-online\libraries\raknet\projects\lib\udpproxycoordinator.obj
c:\users\enguerrand\documents\mafia2-online-reloaded\mafia2-online\libraries\raknet\projects\lib\udpproxyclient.obj
c:\users\enguerrand\documents\mafia2-online-reloaded\mafia2-online\libraries\raknet\projects\lib\udpforwarder.obj
c:\users\enguerrand\documents\mafia2-online-reloaded\mafia2-online\libraries\raknet\projects\lib\vc120.pdb
c:\users\enguerrand\documents\mafia2-online-reloaded\mafia2-online\libraries\raknet\projects\lib\vc120.idb
c:\users\enguerrand\documents\mafia2-online-reloaded\mafia2-online\libraries\raknet\projects\lib\ccraknetslidingwindow.obj
c:\users\enguerrand\documents\malefice\libraries\raknet\projects\lib\vc120.pdb
c:\users\enguerrand\documents\malefice\libraries\raknet\projects\lib\vc120.idb
c:\users\enguerrand\documents\malefice\libraries\raknet\projects\lib\emailsender.obj
c:\users\enguerrand\documents\malefice\libraries\raknet\projects\lib\dyndns.obj
c:\users\enguerrand\documents\malefice\libraries\raknet\projects\lib\ds_table.obj
c:\users\enguerrand\documents\malefice\libraries\raknet\projects\lib\ds_huffmanencodingtree.obj
c:\users\enguerrand\documents\malefice\libraries\raknet\projects\lib\ds_bytequeue.obj
c:\users\enguerrand\documents\malefice\libraries\raknet\projects\lib\ds_bytepool.obj
c:\users\enguerrand\documents\malefice\libraries\raknet\projects\lib\dr_sha1.obj
c:\users\enguerrand\documents\malefice\libraries\raknet\projects\lib\directorydeltatransfer.obj
c:\users\enguerrand\documents\malefice\libraries\raknet\projects\lib\datacompressor.obj
c:\users\enguerrand\documents\malefice\libraries\raknet\projects\lib\consoleserver.obj
c:\users\enguerrand\documents\malefice\libraries\raknet\projects\lib\connectiongraph2.obj
c:\users\enguerrand\documents\malefice\libraries\raknet\projects\lib\commandparserinterface.obj
c:\users\enguerrand\documents\malefice\libraries\raknet\projects\lib\cloudserver.obj
c:\users\enguerrand\documents\malefice\libraries\raknet\projects\lib\cloudcommon.obj
c:\users\enguerrand\documents\malefice\libraries\raknet\projects\lib\cloudclient.obj
c:\users\enguerrand\documents\malefice\libraries\raknet\projects\lib\checksum.obj
c:\users\enguerrand\documents\malefice\libraries\raknet\projects\lib\ccraknetudt.obj
c:\users\enguerrand\documents\malefice\libraries\raknet\projects\lib\ccraknetslidingwindow.obj
c:\users\enguerrand\documents\malefice\libraries\raknet\projects\lib\bitstream.obj
c:\users\enguerrand\documents\malefice\libraries\raknet\projects\lib\base64encoder.obj
c:\users\enguerrand\documents\malefice\libraries\raknet\projects\lib\natpunchthroughclient.obj
c:\users\enguerrand\documents\malefice\libraries\raknet\projects\lib\messagefilter.obj
c:\users\enguerrand\documents\malefice\libraries\raknet\projects\lib\logcommandparser.obj
c:\users\enguerrand\documents\malefice\libraries\raknet\projects\lib\locklesstypes.obj
c:\users\enguerrand\documents\malefice\libraries\raknet\projects\lib\linuxstrings.obj
c:\users\enguerrand\documents\malefice\libraries\raknet\projects\lib\itoa.obj
c:\users\enguerrand\documents\malefice\libraries\raknet\projects\lib\incrementalreadinterface.obj
c:\users\enguerrand\documents\malefice\libraries\raknet\projects\lib\httpconnection2.obj
c:\users\enguerrand\documents\malefice\libraries\raknet\projects\lib\httpconnection.obj
c:\users\enguerrand\documents\malefice\libraries\raknet\projects\lib\gridsectorizer.obj
c:\users\enguerrand\documents\malefice\libraries\raknet\projects\lib\gettimeofday.obj
c:\users\enguerrand\documents\malefice\libraries\raknet\projects\lib\gettime.obj
c:\users\enguerrand\documents\malefice\libraries\raknet\projects\lib\gets.obj
c:\users\enguerrand\documents\malefice\libraries\raknet\projects\lib\getche.obj
c:\users\enguerrand\documents\malefice\libraries\raknet\projects\lib\fullyconnectedmesh2.obj
c:\users\enguerrand\documents\malefice\libraries\raknet\projects\lib\formatstring.obj
c:\users\enguerrand\documents\malefice\libraries\raknet\projects\lib\fileoperations.obj
c:\users\enguerrand\documents\malefice\libraries\raknet\projects\lib\filelisttransfer.obj
c:\users\enguerrand\documents\malefice\libraries\raknet\projects\lib\filelist.obj
c:\users\enguerrand\documents\malefice\libraries\raknet\projects\lib\epochtimetostring.obj
c:\users\enguerrand\documents\malefice\libraries\raknet\projects\lib\raknetsocket2_berkley.obj
c:\users\enguerrand\documents\malefice\libraries\raknet\projects\lib\raknetsocket2_360_720.obj
c:\users\enguerrand\documents\malefice\libraries\raknet\projects\lib\raknetsocket2.obj
c:\users\enguerrand\documents\malefice\libraries\raknet\projects\lib\raknetsocket.obj
c:\users\enguerrand\documents\malefice\libraries\raknet\projects\lib\raknetcommandparser.obj
c:\users\enguerrand\documents\malefice\libraries\raknet\projects\lib\rakmemoryoverride.obj
c:\users\enguerrand\documents\malefice\libraries\raknet\projects\lib\rackspace.obj
c:\users\enguerrand\documents\malefice\libraries\raknet\projects\lib\ps4includes.obj
c:\users\enguerrand\documents\malefice\libraries\raknet\projects\lib\plugininterface2.obj
c:\users\enguerrand\documents\malefice\libraries\raknet\projects\lib\packetoutputwindowlogger.obj
c:\users\enguerrand\documents\malefice\libraries\raknet\projects\lib\packetlogger.obj
c:\users\enguerrand\documents\malefice\libraries\raknet\projects\lib\packetizedtcp.obj
c:\users\enguerrand\documents\malefice\libraries\raknet\projects\lib\packetfilelogger.obj
c:\users\enguerrand\documents\malefice\libraries\raknet\projects\lib\packetconsolelogger.obj
c:\users\enguerrand\documents\malefice\libraries\raknet\projects\lib\networkidobject.obj
c:\users\enguerrand\documents\malefice\libraries\raknet\projects\lib\networkidmanager.obj
c:\users\enguerrand\documents\malefice\libraries\raknet\projects\lib\nattypedetectionserver.obj
c:\users\enguerrand\documents\malefice\libraries\raknet\projects\lib\nattypedetectioncommon.obj
c:\users\enguerrand\documents\malefice\libraries\raknet\projects\lib\nattypedetectionclient.obj
c:\users\enguerrand\documents\malefice\libraries\raknet\projects\lib\natpunchthroughserver.obj
c:\users\enguerrand\documents\malefice\libraries\raknet\projects\lib\relayplugin.obj
c:\users\enguerrand\documents\malefice\libraries\raknet\projects\lib\readyevent.obj
c:\users\enguerrand\documents\malefice\libraries\raknet\projects\lib\randsync.obj
c:\users\enguerrand\documents\malefice\libraries\raknet\projects\lib\rand.obj
c:\users\enguerrand\documents\malefice\libraries\raknet\projects\lib\rakwstring.obj
c:\users\enguerrand\documents\malefice\libraries\raknet\projects\lib\rakthread.obj
c:\users\enguerrand\documents\malefice\libraries\raknet\projects\lib\rakstring.obj
c:\users\enguerrand\documents\malefice\libraries\raknet\projects\lib\raksleep.obj
c:\users\enguerrand\documents\malefice\libraries\raknet\projects\lib\rakpeer.obj
c:\users\enguerrand\documents\malefice\libraries\raknet\projects\lib\raknettypes.obj
c:\users\enguerrand\documents\malefice\libraries\raknet\projects\lib\raknettransport2.obj
c:\users\enguerrand\documents\malefice\libraries\raknet\projects\lib\raknetstatistics.obj
c:\users\enguerrand\documents\malefice\libraries\raknet\projects\lib\raknetsocket2_windows_linux_360.obj
c:\users\enguerrand\documents\malefice\libraries\raknet\projects\lib\raknetsocket2_windows_linux.obj
c:\users\enguerrand\documents\malefice\libraries\raknet\projects\lib\raknetsocket2_windowsstore8.obj
c:\users\enguerrand\documents\malefice\libraries\raknet\projects\lib\raknetsocket2_vita.obj
c:\users\enguerrand\documents\malefice\libraries\raknet\projects\lib\raknetsocket2_ps4.obj
c:\users\enguerrand\documents\malefice\libraries\raknet\projects\lib\raknetsocket2_ps3_ps4.obj
c:\users\enguerrand\documents\malefice\libraries\raknet\projects\lib\raknetsocket2_nativeclient.obj
c:\users\enguerrand\documents\malefice\libraries\raknet\projects\lib\raknetsocket2_berkley_nativeclient.obj
c:\users\enguerrand\documents\malefice\libraries\raknet\projects\lib\twowayauthentication.obj
c:\users\enguerrand\documents\malefice\libraries\raknet\projects\lib\threadsafepacketlogger.obj
c:\users\enguerrand\documents\malefice\libraries\raknet\projects\lib\telnettransport.obj
c:\users\enguerrand\documents\malefice\libraries\raknet\projects\lib\teammanager.obj
c:\users\enguerrand\documents\malefice\libraries\raknet\projects\lib\teambalancer.obj
c:\users\enguerrand\documents\malefice\libraries\raknet\projects\lib\tcpinterface.obj
c:\users\enguerrand\documents\malefice\libraries\raknet\projects\lib\tableserializer.obj
c:\users\enguerrand\documents\malefice\libraries\raknet\projects\lib\superfasthash.obj
c:\users\enguerrand\documents\malefice\libraries\raknet\projects\lib\stringtable.obj
c:\users\enguerrand\documents\malefice\libraries\raknet\projects\lib\stringcompressor.obj
c:\users\enguerrand\documents\malefice\libraries\raknet\projects\lib\statisticshistory.obj
c:\users\enguerrand\documents\malefice\libraries\raknet\projects\lib\socketlayer.obj
c:\users\enguerrand\documents\malefice\libraries\raknet\projects\lib\simplemutex.obj
c:\users\enguerrand\documents\malefice\libraries\raknet\projects\lib\signaledevent.obj
c:\users\enguerrand\documents\malefice\libraries\raknet\projects\lib\sendtothread.obj
c:\users\enguerrand\documents\malefice\libraries\raknet\projects\lib\securehandshake.obj
c:\users\enguerrand\documents\malefice\libraries\raknet\projects\lib\rpc4plugin.obj
c:\users\enguerrand\documents\malefice\libraries\raknet\projects\lib\router2.obj
c:\users\enguerrand\documents\malefice\libraries\raknet\projects\lib\replicamanager3.obj
c:\users\enguerrand\documents\malefice\libraries\raknet\projects\lib\reliabilitylayer.obj
c:\users\enguerrand\documents\malefice\libraries\raknet\projects\lib\_findfirst.obj
c:\users\enguerrand\documents\malefice\libraries\raknet\projects\lib\wsastartupsingleton.obj
c:\users\enguerrand\documents\malefice\libraries\raknet\projects\lib\vitaincludes.obj
c:\users\enguerrand\documents\malefice\libraries\raknet\projects\lib\variadicsqlparser.obj
c:\users\enguerrand\documents\malefice\libraries\raknet\projects\lib\variablelistdeltatracker.obj
c:\users\enguerrand\documents\malefice\libraries\raknet\projects\lib\variabledeltaserializer.obj
c:\users\enguerrand\documents\malefice\libraries\raknet\projects\lib\udpproxyserver.obj
c:\users\enguerrand\documents\malefice\libraries\raknet\projects\lib\udpproxycoordinator.obj
c:\users\enguerrand\documents\malefice\libraries\raknet\projects\lib\udpproxyclient.obj
c:\users\enguerrand\documents\malefice\libraries\raknet\projects\lib\udpforwarder.obj
c:\users\enguerrand\documents\mafia2-online-reloaded\mafia2-online\libraries\raknet\lib\raknetstatic_d.lib
c:\users\enguerrand\documents\malefice\libraries\raknet\lib\raknetstatic_d.lib
c:\users\enguerrand\documents\malefice\libraries\raknet\projects\lib\raknetstatic.idb
c:\users\enguerrand\documents\malefice\libraries\raknet\projects\..\lib\raknetstatic_d.lib
c:\users\enguerrand\documents\malefice\libraries\raknet\projects\lib\raknetstatic.tlog\cl.command.1.tlog
c:\users\enguerrand\documents\malefice\libraries\raknet\projects\lib\raknetstatic.tlog\cl.read.1.tlog
c:\users\enguerrand\documents\malefice\libraries\raknet\projects\lib\raknetstatic.tlog\cl.write.1.tlog
c:\users\enguerrand\documents\malefice\libraries\raknet\projects\lib\raknetstatic.tlog\lib-link.read.1.tlog
c:\users\enguerrand\documents\malefice\libraries\raknet\projects\lib\raknetstatic.tlog\lib-link.write.1.tlog
c:\users\enguerrand\documents\malefice\libraries\raknet\projects\lib\raknetstatic.tlog\lib.command.1.tlog
